#
# There is insufficient memory for the Java Runtime Environment to continue.
# Native memory allocation (mmap) failed to map 201326592 bytes for Failed to commit area from 0x0000000741200000 to 0x000000074d200000 of length 201326592.
# Possible reasons:
#   The system is out of physical RAM or swap space
#   The process is running with CompressedOops enabled, and the Java Heap may be blocking the growth of the native heap
# Possible solutions:
#   Reduce memory load on the system
#   Increase physical memory or swap space
#   Check if swap backing store is full
#   Decrease Java heap size (-Xmx/-Xms)
#   Decrease number of Java threads
#   Decrease Java thread stack sizes (-Xss)
#   Set larger code cache with -XX:ReservedCodeCacheSize=
# This output file may be truncated or incomplete.
#
#  Out of Memory Error (./src/hotspot/os/windows/os_windows.cpp:3303), pid=15100, tid=12480
#
# JRE version:  (11.0.8+10) (build )
# Java VM: OpenJDK 64-Bit Server VM (11.0.8+10-b944.34, mixed mode, sharing, tiered, compressed oops, g1 gc, windows-amd64)
# No core dump will be written. Minidumps are not enabled by default on client versions of Windows
#

---------------  S U M M A R Y ------------

Command Line: org.jetbrains.git4idea.http.GitAskPassApp Username for 'https://github.com': 

Host: Intel(R) Core(TM) i5-6500 CPU @ 3.20GHz, 4 cores, 11G,  Windows 10 , 64 bit Build 18362 (10.0.18362.752)
Time: Wed Oct 28 11:01:36 2020 E. Africa Standard Time elapsed time: 0 seconds (0d 0h 0m 0s)

---------------  T H R E A D  ---------------

Current thread (0x00000220de92b800):  JavaThread "Unknown thread" [_thread_in_vm, id=12480, stack(0x000000574b500000,0x000000574b600000)]

Stack: [0x000000574b500000,0x000000574b600000]
Native frames: (J=compiled Java code, j=interpreted, Vv=VM code, C=native code)
V  [jvm.dll+0x5de35a]
V  [jvm.dll+0x712355]
V  [jvm.dll+0x7138ad]
V  [jvm.dll+0x713f63]
V  [jvm.dll+0x23e628]
V  [jvm.dll+0x5db804]
V  [jvm.dll+0x5d0925]
V  [jvm.dll+0x2faf9b]
V  [jvm.dll+0x2faf0a]
V  [jvm.dll+0x2fade2]
V  [jvm.dll+0x2ffcb6]
V  [jvm.dll+0x3483a3]
V  [jvm.dll+0x348aa6]
V  [jvm.dll+0x3484a3]
V  [jvm.dll+0x2d5be8]
V  [jvm.dll+0x2d6d87]
V  [jvm.dll+0x6f10e7]
V  [jvm.dll+0x6f28dc]
V  [jvm.dll+0x3558f9]
V  [jvm.dll+0x6d492e]
V  [jvm.dll+0x3bdad3]
V  [jvm.dll+0x3bfd01]
C  [jli.dll+0x5373]
C  [ucrtbase.dll+0x20e72]
C  [KERNEL32.DLL+0x17bd4]
C  [ntdll.dll+0x6ced1]


---------------  P R O C E S S  ---------------

Threads class SMR info:
_java_thread_list=0x00000220de825aa0, length=0, elements={
}

Java Threads: ( => current thread )

Other Threads:
  0x00000220de945800 GCTaskThread "GC Thread#0" [stack: 0x000000574b600000,0x000000574b700000] [id=4468]
  0x00000220de98c800 ConcurrentGCThread "G1 Main Marker" [stack: 0x000000574b700000,0x000000574b800000] [id=15244]
  0x00000220de98e000 ConcurrentGCThread "G1 Conc#0" [stack: 0x000000574b800000,0x000000574b900000] [id=4872]

[error occurred during error reporting (printing all threads), id 0xc0000005, EXCEPTION_ACCESS_VIOLATION (0xc0000005) at pc=0x00007ffbd83060c7]

VM state:not at safepoint (not fully initialized)

VM Mutex/Monitor currently owned by a thread:  ([mutex/lock_event])
[0x00000220de928780] Heap_lock - owner thread: 0x00000220de92b800

Heap address: 0x0000000741200000, size: 3054 MB, Compressed Oops mode: Non-zero based: 0x0000000741200000
Narrow klass base: 0x0000000000000000, Narrow klass shift: 0

GC Heap History (0 events):
No events

Deoptimization events (0 events):
No events

Classes redefined (0 events):
No events

Internal exceptions (0 events):
No events

Events (1 events):
Event: 0.004 Loaded shared library C:\Program Files\JetBrains\PhpStorm 2020.2.3\jbr\bin\zip.dll


Dynamic libraries:
0x00007ff7cfb20000 - 0x00007ff7cfb2a000 	C:\Program Files\JetBrains\PhpStorm 2020.2.3\jbr\bin\java.exe
0x00007ffc27200000 - 0x00007ffc273f0000 	C:\Windows\SYSTEM32\ntdll.dll
0x00007ffc27080000 - 0x00007ffc27132000 	C:\Windows\System32\KERNEL32.DLL
0x00007ffc25000000 - 0x00007ffc252a3000 	C:\Windows\System32\KERNELBASE.dll
0x00007ffc24360000 - 0x00007ffc2445a000 	C:\Windows\System32\ucrtbase.dll
0x00007ffc1c230000 - 0x00007ffc1c249000 	C:\Program Files\JetBrains\PhpStorm 2020.2.3\jbr\bin\jli.dll
0x00007ffbd7340000 - 0x00007ffbd7357000 	C:\Program Files\JetBrains\PhpStorm 2020.2.3\jbr\bin\VCRUNTIME140.dll
0x00007ffc26e60000 - 0x00007ffc26ff4000 	C:\Windows\System32\USER32.dll
0x00007ffc16f50000 - 0x00007ffc171d5000 	C:\Windows\WinSxS\amd64_microsoft.windows.common-controls_6595b64144ccf1df_6.0.18362.752_none_e6c0b5ed1312b70c\COMCTL32.dll
0x00007ffc24460000 - 0x00007ffc24481000 	C:\Windows\System32\win32u.dll
0x00007ffc25880000 - 0x00007ffc2591e000 	C:\Windows\System32\msvcrt.dll
0x00007ffc26520000 - 0x00007ffc26546000 	C:\Windows\System32\GDI32.dll
0x00007ffc25bd0000 - 0x00007ffc25f06000 	C:\Windows\System32\combase.dll
0x00007ffc245e0000 - 0x00007ffc24774000 	C:\Windows\System32\gdi32full.dll
0x00007ffc26290000 - 0x00007ffc263b0000 	C:\Windows\System32\RPCRT4.dll
0x00007ffc24780000 - 0x00007ffc2481e000 	C:\Windows\System32\msvcp_win.dll
0x00007ffc24190000 - 0x00007ffc24210000 	C:\Windows\System32\bcryptPrimitives.dll
0x00007ffc25ba0000 - 0x00007ffc25bce000 	C:\Windows\System32\IMM32.DLL
0x00007ffbc45d0000 - 0x00007ffbc466d000 	C:\Program Files\JetBrains\PhpStorm 2020.2.3\jbr\bin\msvcp140.dll
0x00007ffbd8020000 - 0x00007ffbd8add000 	C:\Program Files\JetBrains\PhpStorm 2020.2.3\jbr\bin\server\jvm.dll
0x00007ffc25fb0000 - 0x00007ffc26053000 	C:\Windows\System32\ADVAPI32.dll
0x00007ffc25f10000 - 0x00007ffc25fa7000 	C:\Windows\System32\sechost.dll
0x00007ffc26760000 - 0x00007ffc26768000 	C:\Windows\System32\PSAPI.DLL
0x00007ffc20a40000 - 0x00007ffc20a49000 	C:\Windows\SYSTEM32\WSOCK32.dll
0x00007ffc26190000 - 0x00007ffc261ff000 	C:\Windows\System32\WS2_32.dll
0x00007ffc22200000 - 0x00007ffc22224000 	C:\Windows\SYSTEM32\WINMM.dll
0x00007ffc1c2b0000 - 0x00007ffc1c2ba000 	C:\Windows\SYSTEM32\VERSION.dll
0x00007ffc221d0000 - 0x00007ffc221fd000 	C:\Windows\SYSTEM32\WINMMBASE.dll
0x00007ffc24210000 - 0x00007ffc2425a000 	C:\Windows\System32\cfgmgr32.dll
0x00007ffc240d0000 - 0x00007ffc240e1000 	C:\Windows\System32\kernel.appcore.dll
0x00007ffc1ee80000 - 0x00007ffc1ee91000 	C:\Program Files\JetBrains\PhpStorm 2020.2.3\jbr\bin\verify.dll
0x00007ffc1e230000 - 0x00007ffc1e424000 	C:\Windows\SYSTEM32\DBGHELP.DLL
0x00007ffbfcb30000 - 0x00007ffbfcb5a000 	C:\Windows\SYSTEM32\dbgcore.DLL
0x00007ffc16150000 - 0x00007ffc16179000 	C:\Program Files\JetBrains\PhpStorm 2020.2.3\jbr\bin\java.dll
0x00007ffc20a50000 - 0x00007ffc20a5b000 	C:\Program Files\JetBrains\PhpStorm 2020.2.3\jbr\bin\jimage.dll
0x00007ffc1a470000 - 0x00007ffc1a488000 	C:\Program Files\JetBrains\PhpStorm 2020.2.3\jbr\bin\zip.dll

dbghelp: loaded successfully - version: 4.0.5 - missing functions: none
symbol engine: initialized successfully - sym options: 0x614 - pdb path: .;C:\Program Files\JetBrains\PhpStorm 2020.2.3\jbr\bin;C:\Windows\SYSTEM32;C:\Windows\WinSxS\amd64_microsoft.windows.common-controls_6595b64144ccf1df_6.0.18362.752_none_e6c0b5ed1312b70c;C:\Program Files\JetBrains\PhpStorm 2020.2.3\jbr\bin\server

VM Arguments:
java_command: org.jetbrains.git4idea.http.GitAskPassApp Username for 'https://github.com': 
java_class_path (initial): C:/Program Files/JetBrains/PhpStorm 2020.2.3/plugins/git4idea/lib/git4idea-rt.jar;C:/Program Files/JetBrains/PhpStorm 2020.2.3/lib/xmlrpc-2.0.1.jar;C:/Program Files/JetBrains/PhpStorm 2020.2.3/lib/commons-codec-1.14.jar
Launcher Type: SUN_STANDARD

[Global flags]
     intx CICompilerCount                          = 3                                         {product} {ergonomic}
     uint ConcGCThreads                            = 1                                         {product} {ergonomic}
     uint G1ConcRefinementThreads                  = 4                                         {product} {ergonomic}
   size_t G1HeapRegionSize                         = 1048576                                   {product} {ergonomic}
    uintx GCDrainStackTargetSize                   = 64                                        {product} {ergonomic}
   size_t InitialHeapSize                          = 201326592                                 {product} {ergonomic}
   size_t MarkStackSize                            = 4194304                                   {product} {ergonomic}
   size_t MaxHeapSize                              = 3202351104                                {product} {ergonomic}
   size_t MinHeapDeltaBytes                        = 1048576                                   {product} {ergonomic}
    uintx NonNMethodCodeHeapSize                   = 5830732                                {pd product} {ergonomic}
    uintx NonProfiledCodeHeapSize                  = 122913754                              {pd product} {ergonomic}
    uintx ProfiledCodeHeapSize                     = 122913754                              {pd product} {ergonomic}
    uintx ReservedCodeCacheSize                    = 251658240                              {pd product} {ergonomic}
     bool SegmentedCodeCache                       = true                                      {product} {ergonomic}
     bool UseCompressedClassPointers               = true                                 {lp64_product} {ergonomic}
     bool UseCompressedOops                        = true                                 {lp64_product} {ergonomic}
     bool UseG1GC                                  = true                                      {product} {ergonomic}
     bool UseLargePagesIndividualAllocation        = false                                  {pd product} {ergonomic}

Logging:
Log output configuration:
 #0: stdout all=warning uptime,level,tags
 #1: stderr all=off uptime,level,tags

Environment Variables:
PATH=C:\Program Files\Git\mingw64\libexec\git-core;C:\Program Files\Git\mingw64\libexec\git-core;C:\Program Files\Git\mingw64\bin;C:\Program Files\Git\usr\bin;C:\Users\Tame-Studio\bin;C:\Windows\system32;C:\Windows;C:\Windows\System32\Wbem;C:\Windows\System32\WindowsPowerShell\v1.0;C:\Windows\System32\OpenSSH;C:\Program Files\Microsoft SQL Server\120\Tools\Binn;C:\Program Files\Common Files\Autodesk Shared;C:\Program Files\dotnet;C:\Program Files\Microsoft SQL Server\130\Tools\Binn;C:\Program Files\Microsoft SQL Server\Client SDK\ODBC\170\Tools\Binn;C:\ProgramData\chocolatey\bin;C:\Program Files\Git\cmd;C:\Program Files\PowerShell\7-preview\preview;C:\Program Files\Docker\Docker\resources\bin;C:\ProgramData\DockerDesktop\version-bin;C:\wamp64\bin\php\php7.3.12;C:\composer;C:\Users\Tame-Studio\AppData\Local\Microsoft\WindowsApps;C:\Users\Tame-Studio\.dotnet\tools;C:\Program Files\JetBrains\PhpStorm 2020.2.3\bin;C:\Users\Tame-Studio\AppData\Roaming\Composer\vendor\bin;C:\wamp64\bin\php\php7.3.12
USERNAME=Tame-Studio
DISPLAY=:0.0
LC_ALL=en_US.UTF-8
OS=Windows_NT
PROCESSOR_IDENTIFIER=Intel64 Family 6 Model 94 Stepping 3, GenuineIntel



---------------  S Y S T E M  ---------------

OS: Windows 10 , 64 bit Build 18362 (10.0.18362.752)
OS uptime: 0 days 14:58 hours

CPU:total 4 (initial active 4) (4 cores per cpu, 1 threads per core) family 6 model 94 stepping 3, cmov, cx8, fxsr, mmx, sse, sse2, sse3, ssse3, sse4.1, sse4.2, popcnt, avx, avx2, aes, clmul, erms, rtm, 3dnowpref, lzcnt, tsc, tscinvbit, bmi1, bmi2, adx, fma

Memory: 4k page, system-wide physical 12212M (3470M free)
TotalPageFile size 12212M (AvailPageFile size 136M)
current process WorkingSet (physical memory assigned to process): 9M, peak: 9M
current process commit charge ("private bytes"): 51M, peak: 243M

vm_info: OpenJDK 64-Bit Server VM (11.0.8+10-b944.34) for windows-amd64 JRE (11.0.8+10-b944.34), built on Sep 11 2020 15:32:11 by "" with MS VC++ 14.0 (VS2015)

END.
